<?xml version="1.0" encoding="UTF-8"?>
<!-- Generated by org.testng.reporters.JUnitXMLReporter -->
<testsuite ignored="0" hostname="icliniq-n2-pc" failures="0" tests="5" name="Default test" time="0.059" errors="0" timestamp="2022-09-20T12:14:01 IST">
  <testcase classname="handson.testngdemo" name="WinnerWinnerChickenDinner" time="0.008"/>
  <testcase classname="handson.testngdemo" name="Killtheenemy" time="0.002"/>
  <testcase classname="handson.testngdemo" name="Getthegun" time="0.001"/>
  <testcase classname="handson.testngdemo" name="Dropatpocinki" time="0.001"/>
  <testcase classname="handson.testngdemo" name="Enterthearena" time="0.001"/>
</testsuite> <!-- Default test -->
