<?xml version="1.0" encoding="UTF-8"?>
<!-- Generated by org.testng.reporters.JUnitXMLReporter -->
<testsuite ignored="0" hostname="icliniq-n2-pc" failures="0" tests="7" name="Test" time="23.412" errors="0" timestamp="2022-09-29T17:43:37 IST">
  <testcase classname="handson.testngdemo" name="WinnerWinnerChickenDinner" time="0.008"/>
  <testcase classname="handson.testngdemo" name="Killtheenemy" time="0.001"/>
  <testcase classname="handson.testngdemo" name="Getthegun" time="0.001"/>
  <testcase classname="handson.testngdemo" name="Dropatpocinki" time="0.005"/>
  <testcase classname="handson.testngdemo" name="Enterthearena" time="0.004"/>
  <testcase classname="handson.JJ" name="jj" time="16.399"/>
  <testcase classname="handson.alerts" name="alert" time="23.35"/>
</testsuite> <!-- Test -->
