<?xml version="1.0" encoding="UTF-8"?>
<testng-results ignored="0" total="7" passed="7" failed="0" skipped="0">
  <reporter-output>
  </reporter-output>
  <suite started-at="2022-09-29T17:43:14 IST" name="Suite" finished-at="2022-09-29T17:43:37 IST" duration-ms="23412">
    <groups>
    </groups>
    <test started-at="2022-09-29T17:43:14 IST" name="Test" finished-at="2022-09-29T17:43:37 IST" duration-ms="23412">
      <class name="handson.alerts">
        <test-method signature="alert()[pri:0, instance:handson.alerts@5223e5ee]" started-at="2022-09-29T17:43:14 IST" name="alert" finished-at="2022-09-29T17:43:37 IST" duration-ms="23350" status="PASS">
          <reporter-output>
          </reporter-output>
        </test-method> <!-- alert -->
      </class> <!-- handson.alerts -->
      <class name="handson.JJ">
        <test-method signature="jj()[pri:0, instance:handson.JJ@bef2d72]" started-at="2022-09-29T17:43:14 IST" name="jj" finished-at="2022-09-29T17:43:30 IST" duration-ms="16399" status="PASS">
          <reporter-output>
          </reporter-output>
        </test-method> <!-- jj -->
      </class> <!-- handson.JJ -->
      <class name="handson.testngdemo">
        <test-method signature="WinnerWinnerChickenDinner()[pri:0, instance:handson.testngdemo@79b06cab]" started-at="2022-09-29T17:43:14 IST" name="WinnerWinnerChickenDinner" finished-at="2022-09-29T17:43:14 IST" duration-ms="8" status="PASS">
          <reporter-output>
          </reporter-output>
        </test-method> <!-- WinnerWinnerChickenDinner -->
        <test-method signature="Killtheenemy()[pri:1, instance:handson.testngdemo@79b06cab]" started-at="2022-09-29T17:43:14 IST" name="Killtheenemy" finished-at="2022-09-29T17:43:14 IST" duration-ms="1" status="PASS">
          <reporter-output>
          </reporter-output>
        </test-method> <!-- Killtheenemy -->
        <test-method signature="Getthegun()[pri:2, instance:handson.testngdemo@79b06cab]" started-at="2022-09-29T17:43:14 IST" name="Getthegun" finished-at="2022-09-29T17:43:14 IST" duration-ms="1" status="PASS">
          <reporter-output>
          </reporter-output>
        </test-method> <!-- Getthegun -->
        <test-method signature="Dropatpocinki()[pri:3, instance:handson.testngdemo@79b06cab]" started-at="2022-09-29T17:43:14 IST" name="Dropatpocinki" finished-at="2022-09-29T17:43:14 IST" duration-ms="5" status="PASS">
          <reporter-output>
          </reporter-output>
        </test-method> <!-- Dropatpocinki -->
        <test-method signature="Enterthearena()[pri:4, instance:handson.testngdemo@79b06cab]" started-at="2022-09-29T17:43:14 IST" name="Enterthearena" finished-at="2022-09-29T17:43:14 IST" duration-ms="4" status="PASS">
          <reporter-output>
          </reporter-output>
        </test-method> <!-- Enterthearena -->
      </class> <!-- handson.testngdemo -->
    </test> <!-- Test -->
  </suite> <!-- Suite -->
</testng-results>
